0 info it worked if it ends with ok
1 verbose cli [ '/usr/bin/nodejs', '/usr/bin/npm', 'publish' ]
2 info using npm@3.10.8
3 info using node@v6.9.1
4 verbose publish [ '.' ]
5 silly cache add args [ '.', null ]
6 verbose cache add spec .
7 silly cache add parsed spec Result {
7 silly cache add   raw: '.',
7 silly cache add   scope: null,
7 silly cache add   escapedName: null,
7 silly cache add   name: null,
7 silly cache add   rawSpec: '.',
7 silly cache add   spec: '/home/jcaballero/SoftwareDevelop/Personal/nightwatch-html-reporter-JC',
7 silly cache add   type: 'directory' }
8 verbose addLocalDirectory /home/jcaballero/.npm/nightwatch-html-reporter-JC/1.0.9/package.tgz not in flight; packing
9 verbose correctMkdir /home/jcaballero/.npm correctMkdir not in flight; initializing
10 info lifecycle nightwatch-html-reporter-JC@1.0.9~prepublish: nightwatch-html-reporter-JC@1.0.9
11 silly lifecycle nightwatch-html-reporter-JC@1.0.9~prepublish: no script for prepublish, continuing
12 verbose tar pack [ '/home/jcaballero/.npm/nightwatch-html-reporter-JC/1.0.9/package.tgz',
12 verbose tar pack   '/home/jcaballero/SoftwareDevelop/Personal/nightwatch-html-reporter-JC' ]
13 verbose tarball /home/jcaballero/.npm/nightwatch-html-reporter-JC/1.0.9/package.tgz
14 verbose folder /home/jcaballero/SoftwareDevelop/Personal/nightwatch-html-reporter-JC
15 verbose addLocalTarball adding from inside cache /home/jcaballero/.npm/nightwatch-html-reporter-JC/1.0.9/package.tgz
16 verbose correctMkdir /home/jcaballero/.npm correctMkdir not in flight; initializing
17 silly cache afterAdd nightwatch-html-reporter-JC@1.0.9
18 verbose afterAdd /home/jcaballero/.npm/nightwatch-html-reporter-JC/1.0.9/package/package.json not in flight; writing
19 verbose correctMkdir /home/jcaballero/.npm correctMkdir not in flight; initializing
20 verbose afterAdd /home/jcaballero/.npm/nightwatch-html-reporter-JC/1.0.9/package/package.json written
21 silly publish { bin: { 'nightwatch-html-reporter-JC': 'lib/cli.js' },
21 silly publish   bugs: { url: 'https://github.com/jls/nightwatch-html-reporter/issues' },
21 silly publish   dependencies:
21 silly publish    { async: '^1.5.0',
21 silly publish      jade: '^1.11.0',
21 silly publish      lodash: '^4.9.0',
21 silly publish      nconf: '^0.8.4',
21 silly publish      open: '0.0.5',
21 silly publish      readdirp: '^2.0.0',
21 silly publish      xml2js: '^0.4.6',
21 silly publish      fs: '^0.0.2' },
21 silly publish   description: 'Generates an HTML view of the Nightwatch.js test reports by either parsing the XML files generated by Nightwatch or by using the Nightwatch reporter options.',
21 silly publish   devDependencies:
21 silly publish    { grunt: '^0.4.5',
21 silly publish      'grunt-contrib-jshint': '^0.11.3',
21 silly publish      'grunt-contrib-nodeunit': '^0.2.0',
21 silly publish      'grunt-contrib-watch': '^0.5.3' },
21 silly publish   directories: {},
21 silly publish   dist:
21 silly publish    { shasum: '42e12c6b9462af9167cad48cf9e16d964cdf9dc1',
21 silly publish      tarball: 'https://registry.npmjs.org/nightwatch-html-reporter-JC/-/nightwatch-html-reporter-JC-1.0.8.tgz' },
21 silly publish   gitHead: 'f589f8fe8cc51857ab6e9f35fc71a1458f3ee7ff',
21 silly publish   homepage: 'https://github.com/jls/nightwatch-html-reporter',
21 silly publish   keywords:
21 silly publish    [ 'nightwatch',
21 silly publish      'nightwatchjs',
21 silly publish      'reporter',
21 silly publish      'generator',
21 silly publish      'report generator',
21 silly publish      'html reporter',
21 silly publish      'custom reporter' ],
21 silly publish   license: 'MIT',
21 silly publish   main: 'lib/reporter',
21 silly publish   maintainers:
21 silly publish    [ { name: 'Javier Hernán Caballero García',
21 silly publish        email: 'caballerojavier13@gmail.com' } ],
21 silly publish   name: 'nightwatch-html-reporter-JC',
21 silly publish   optionalDependencies: {},
21 silly publish   preferGlobal: 'true',
21 silly publish   readme: 'ERROR: No README data found!',
21 silly publish   repository:
21 silly publish    { type: 'git',
21 silly publish      url: 'git://github.com/caballerojavier13/nightwatch-html-reporter-JC.git' },
21 silly publish   scripts: { test: 'grunt nodeunit' },
21 silly publish   version: '1.0.9',
21 silly publish   _id: 'nightwatch-html-reporter-JC@1.0.9',
21 silly publish   _shasum: 'dd23f92ecb3df555bb3b0dbc21aa59b1039b8e3a',
21 silly publish   _from: '.' }
22 verbose getPublishConfig undefined
23 silly mapToRegistry name nightwatch-html-reporter-JC
24 silly mapToRegistry using default registry
25 silly mapToRegistry registry https://registry.npmjs.org/
26 silly mapToRegistry data Result {
26 silly mapToRegistry   raw: 'nightwatch-html-reporter-JC',
26 silly mapToRegistry   scope: null,
26 silly mapToRegistry   escapedName: 'nightwatch-html-reporter-JC',
26 silly mapToRegistry   name: 'nightwatch-html-reporter-JC',
26 silly mapToRegistry   rawSpec: '',
26 silly mapToRegistry   spec: 'latest',
26 silly mapToRegistry   type: 'tag' }
27 silly mapToRegistry uri https://registry.npmjs.org/nightwatch-html-reporter-JC
28 verbose publish registryBase https://registry.npmjs.org/
29 silly publish uploading /home/jcaballero/.npm/nightwatch-html-reporter-JC/1.0.9/package.tgz
30 verbose request uri https://registry.npmjs.org/nightwatch-html-reporter-JC
31 verbose request sending authorization for write operation
32 info attempt registry request try #1 at 1:14:05 PM
33 verbose request using bearer token for auth
34 verbose request id 74f973113311f18a
35 http request PUT https://registry.npmjs.org/nightwatch-html-reporter-JC
36 http 403 https://registry.npmjs.org/nightwatch-html-reporter-JC
37 verbose headers { 'content-type': 'application/json',
37 verbose headers   'cache-control': 'max-age=300',
37 verbose headers   'content-length': '95',
37 verbose headers   'accept-ranges': 'bytes',
37 verbose headers   date: 'Fri, 11 Nov 2016 16:14:06 GMT',
37 verbose headers   via: '1.1 varnish',
37 verbose headers   connection: 'keep-alive',
37 verbose headers   'x-served-by': 'cache-iad2625-IAD',
37 verbose headers   'x-cache': 'MISS',
37 verbose headers   'x-cache-hits': '0',
37 verbose headers   'x-timer': 'S1478880846.043344,VS0,VE532',
37 verbose headers   vary: 'Accept-Encoding' }
38 verbose request invalidating /home/jcaballero/.npm/registry.npmjs.org/nightwatch-html-reporter-JC on PUT
39 error publish Failed PUT 403
40 verbose stack Error: "You cannot publish over the previously published version 1.0.9." : nightwatch-html-reporter-JC
40 verbose stack     at makeError (/usr/lib/node_modules/npm/node_modules/npm-registry-client/lib/request.js:302:12)
40 verbose stack     at CachingRegistryClient.<anonymous> (/usr/lib/node_modules/npm/node_modules/npm-registry-client/lib/request.js:290:14)
40 verbose stack     at Request._callback (/usr/lib/node_modules/npm/node_modules/npm-registry-client/lib/request.js:210:14)
40 verbose stack     at Request.self.callback (/usr/lib/node_modules/npm/node_modules/request/request.js:187:22)
40 verbose stack     at emitTwo (events.js:106:13)
40 verbose stack     at Request.emit (events.js:191:7)
40 verbose stack     at Request.<anonymous> (/usr/lib/node_modules/npm/node_modules/request/request.js:1044:10)
40 verbose stack     at emitOne (events.js:96:13)
40 verbose stack     at Request.emit (events.js:188:7)
40 verbose stack     at IncomingMessage.<anonymous> (/usr/lib/node_modules/npm/node_modules/request/request.js:965:12)
41 verbose statusCode 403
42 verbose pkgid nightwatch-html-reporter-JC
43 verbose cwd /home/jcaballero/SoftwareDevelop/Personal/nightwatch-html-reporter-JC
44 error Linux 4.4.0-47-generic
45 error argv "/usr/bin/nodejs" "/usr/bin/npm" "publish"
46 error node v6.9.1
47 error npm  v3.10.8
48 error code E403
49 error "You cannot publish over the previously published version 1.0.9." : nightwatch-html-reporter-JC
50 error If you need help, you may report this error at:
50 error     <https://github.com/npm/npm/issues>
51 verbose exit [ 1, true ]
